<?xml version="1.0" encoding="UTF-8"?>
<!-- Generated by org.testng.reporters.JUnitReportReporter -->
<testsuite hostname="DESKTOP-OUT9PUI" failures="0" tests="2" name="Test.testonSD" time="0.402" errors="0" timestamp="2023-09-01T13:54:39 IST" skipped="0">
  <testcase classname="Test.testonSD" name="loginToSDemo" time="0.254"/>
  <testcase classname="Test.testonSD" name="getgreatestPrice" time="0.148"/>
</testsuite> <!-- Test.testonSD -->
